<?xml version="1.0" encoding="UTF-8"?>
<robot generator="Robot 7.2.2 (Python 3.12.3 on linux)" generated="2025-03-12T00:03:05.266202" rpa="false" schemaversion="5">
<suite id="s1" name="Api" source="/home/teukuarinal/Documents/Automation/robot-project/robot_project/tests/api.robot">
<test id="s1-t1" name="Create User" line="15">
<kw name="Given Prepare POST Request" owner="api_post_keywords">
<kw name="Create Session" owner="RequestsLibrary">
<msg time="2025-03-12T00:03:05.367346" level="INFO">Creating Session using : alias=req_session, url=https://reqres.in/api, headers={},                     cookies={}, auth=None, timeout=None, proxies=None, verify=False,                     debug=0 </msg>
<arg>${SESSION}</arg>
<arg>${base_url}</arg>
<doc>Create Session: create a HTTP session to a server</doc>
<status status="PASS" start="2025-03-12T00:03:05.367138" elapsed="0.000874"/>
</kw>
<arg>https://reqres.in/api</arg>
<status status="PASS" start="2025-03-12T00:03:05.366712" elapsed="0.001421"/>
</kw>
<kw name="And Set Headers For POST" owner="api_post_keywords">
<kw name="Create Dictionary" owner="BuiltIn">
<msg time="2025-03-12T00:03:05.368833" level="INFO">${final_headers} = {'headers': 'Content-Type=application/json'}</msg>
<var>${final_headers}</var>
<arg>&amp;{headers}</arg>
<doc>Creates and returns a dictionary based on the given ``items``.</doc>
<status status="PASS" start="2025-03-12T00:03:05.368598" elapsed="0.000316"/>
</kw>
<kw name="Set Suite Variable" owner="BuiltIn">
<msg time="2025-03-12T00:03:05.369211" level="INFO">${HEADERS} = {'headers': 'Content-Type=application/json'}</msg>
<arg>${HEADERS}</arg>
<arg>&amp;{final_headers}</arg>
<doc>Makes a variable available everywhere within the scope of the current suite.</doc>
<status status="PASS" start="2025-03-12T00:03:05.369022" elapsed="0.000269"/>
</kw>
<arg>headers=Content-Type=application/json</arg>
<status status="PASS" start="2025-03-12T00:03:05.368335" elapsed="0.001025"/>
</kw>
<kw name="And Set Request Body" owner="api_post_keywords">
<kw name="Create Dictionary" owner="BuiltIn">
<msg time="2025-03-12T00:03:05.369892" level="INFO">${final_body} = {'name': 'arinal', 'job': 'leader'}</msg>
<var>${final_body}</var>
<arg>&amp;{body}</arg>
<doc>Creates and returns a dictionary based on the given ``items``.</doc>
<status status="PASS" start="2025-03-12T00:03:05.369732" elapsed="0.000219"/>
</kw>
<kw name="Set Test Variable" owner="BuiltIn">
<msg time="2025-03-12T00:03:05.370455" level="INFO">${REQUEST_BODY} = {'name': 'arinal', 'job': 'leader'}</msg>
<arg>${REQUEST_BODY}</arg>
<arg>${final_body}</arg>
<doc>Makes a variable available everywhere within the scope of the current test.</doc>
<status status="PASS" start="2025-03-12T00:03:05.370036" elapsed="0.000503"/>
</kw>
<arg>name=arinal</arg>
<arg>job=leader</arg>
<status status="PASS" start="2025-03-12T00:03:05.369519" elapsed="0.001089"/>
</kw>
<kw name="When Send POST Request" owner="api_post_keywords">
<kw name="POST On Session" owner="RequestsLibrary">
<msg time="2025-03-12T00:03:05.953457" level="INFO">POST Request : url=https://reqres.in/api/users 
 path_url=/api/users 
 headers={'User-Agent': 'python-requests/2.32.3', 'Accept-Encoding': 'gzip, deflate', 'Accept': '*/*', 'Connection': 'keep-alive', 'headers': 'Content-Type=application/json', 'Content-Length': '35', 'Content-Type': 'application/json'} 
 body=b'{"name": "arinal", "job": "leader"}' 
 </msg>
<msg time="2025-03-12T00:03:05.953782" level="INFO">POST Response : url=https://reqres.in/api/users 
 status=201, reason=Created 
 headers={'Date': 'Tue, 11 Mar 2025 17:03:05 GMT', 'Content-Type': 'application/json; charset=utf-8', 'Content-Length': '82', 'Connection': 'keep-alive', 'Report-To': '{"group":"heroku-nel","max_age":3600,"endpoints":[{"url":"https://nel.heroku.com/reports?ts=1741712585&amp;sid=c4c9725f-1ab0-44d8-820f-430df2718e11&amp;s=B80iyWlBVj8IHIMpETPUMzZNgRKU%2BkRUTCFvhSeSUjg%3D"}]}', 'Reporting-Endpoints': 'heroku-nel=https://nel.heroku.com/reports?ts=1741712585&amp;sid=c4c9725f-1ab0-44d8-820f-430df2718e11&amp;s=B80iyWlBVj8IHIMpETPUMzZNgRKU%2BkRUTCFvhSeSUjg%3D', 'Nel': '{"report_to":"heroku-nel","max_age":3600,"success_fraction":0.005,"failure_fraction":0.05,"response_headers":["Via"]}', 'X-Powered-By': 'Express', 'Access-Control-Allow-Origin': '*', 'Etag': 'W/"52-XOLTmHTkwnkwQQ5f0eN47XcYgck"', 'Via': '1.1 vegur', 'cf-cache-status': 'DYNAMIC', 'Server': 'cloudflare', 'CF-RAY': '91ec9f8bcbd5ce52-SIN', 'server-timing': 'cfL4;desc="?proto=TCP&amp;rtt=45967&amp;min_rtt=39282&amp;rtt_var=18537&amp;sent=5&amp;recv=9&amp;lost=0&amp;retrans=0&amp;sent_bytes=2834&amp;recv_bytes=918&amp;delivery_rate=65659&amp;cwnd=252&amp;unsent_bytes=0&amp;cid=3857074e9eabf705&amp;ts=450&amp;x=0"'} 
 body={"name":"arinal","job":"leader","id":"764","createdAt":"2025-03-11T17:03:05.844Z"} 
 </msg>
<msg time="2025-03-12T00:03:05.953887" level="INFO">/home/teukuarinal/.cache/pypoetry/virtualenvs/robot-project-MeA9V2pg-py3.12/lib/python3.12/site-packages/urllib3/connectionpool.py:1097: InsecureRequestWarning: Unverified HTTPS request is being made to host 'reqres.in'. Adding certificate verification is strongly advised. See: https://urllib3.readthedocs.io/en/latest/advanced-usage.html#tls-warnings
  warnings.warn(</msg>
<msg time="2025-03-12T00:03:05.954042" level="INFO">${response} = &lt;Response [201]&gt;</msg>
<var>${response}</var>
<arg>${SESSION}</arg>
<arg>${endpoint}</arg>
<arg>json=${REQUEST_BODY}</arg>
<arg>headers=${HEADERS}</arg>
<doc>Sends a POST request on a previously created HTTP Session.</doc>
<status status="PASS" start="2025-03-12T00:03:05.370920" elapsed="0.583170"/>
</kw>
<kw name="Set Test Variable" owner="BuiltIn">
<msg time="2025-03-12T00:03:05.954458" level="INFO">${RESPONSE} = &lt;Response [201]&gt;</msg>
<arg>${RESPONSE}</arg>
<arg>${response}</arg>
<doc>Makes a variable available everywhere within the scope of the current test.</doc>
<status status="PASS" start="2025-03-12T00:03:05.954257" elapsed="0.000273"/>
</kw>
<arg>/users</arg>
<status status="PASS" start="2025-03-12T00:03:05.370738" elapsed="0.583864"/>
</kw>
<kw name="Then Verify POST Response Status" owner="api_post_keywords">
<kw name="Should Be Equal As Numbers" owner="BuiltIn">
<msg time="2025-03-12T00:03:05.955556" level="INFO">Argument types are:
&lt;class 'int'&gt;
&lt;class 'str'&gt;</msg>
<arg>${RESPONSE.status_code}</arg>
<arg>${expected_status}</arg>
<doc>Fails if objects are unequal after converting them to real numbers.</doc>
<status status="PASS" start="2025-03-12T00:03:05.955165" elapsed="0.000528"/>
</kw>
<arg>201</arg>
<status status="PASS" start="2025-03-12T00:03:05.954868" elapsed="0.000912"/>
</kw>
<kw name="And Verify POST Response Schema" owner="api_post_keywords">
<kw name="Load Json From File" owner="JSONLibrary">
<msg time="2025-03-12T00:03:05.957037" level="INFO">${schema} = {'$schema': 'http://json-schema.org/draft-04/schema#', 'type': 'object', 'properties': {'name': {'type': 'string'}, 'job': {'type': 'string'}, 'id': {'type': 'string'}, 'createdAt': {'type': 'string'}...</msg>
<var>${schema}</var>
<arg>${EXECDIR}/robot_project/resources/schemas/${schema_file}</arg>
<doc>Load JSON from file.</doc>
<status status="PASS" start="2025-03-12T00:03:05.956165" elapsed="0.000960"/>
</kw>
<kw name="Validate Json By Schema" owner="JSONLibrary">
<arg>${RESPONSE.json()}</arg>
<arg>${schema}</arg>
<doc>Validate json object by json schema.
Arguments:
    - json_object: json as a dictionary object.
    - schema: schema as a dictionary object.</doc>
<status status="PASS" start="2025-03-12T00:03:05.957231" elapsed="0.000704"/>
</kw>
<arg>create_user.json</arg>
<status status="PASS" start="2025-03-12T00:03:05.955974" elapsed="0.002064"/>
</kw>
<kw name="And Verify POST Response Content" owner="api_post_keywords">
<kw name="Set Variable" owner="BuiltIn">
<msg time="2025-03-12T00:03:05.959337" level="INFO">${response_json} = {'name': 'arinal', 'job': 'leader', 'id': '764', 'createdAt': '2025-03-11T17:03:05.844Z'}</msg>
<var>${response_json}</var>
<arg>${RESPONSE.json()}</arg>
<doc>Returns the given values which can then be assigned to a variables.</doc>
<status status="PASS" start="2025-03-12T00:03:05.958912" elapsed="0.000554"/>
</kw>
<for flavor="IN">
<iter>
<kw name="Should Be Equal" owner="BuiltIn">
<arg>${response_json}[${key}]</arg>
<arg>${value}</arg>
<doc>Fails if the given objects are unequal.</doc>
<status status="PASS" start="2025-03-12T00:03:05.960046" elapsed="0.000221"/>
</kw>
<var name="${key}">name</var>
<var name="${value}">arinal</var>
<status status="PASS" start="2025-03-12T00:03:05.959934" elapsed="0.000408"/>
</iter>
<iter>
<kw name="Should Be Equal" owner="BuiltIn">
<arg>${response_json}[${key}]</arg>
<arg>${value}</arg>
<doc>Fails if the given objects are unequal.</doc>
<status status="PASS" start="2025-03-12T00:03:05.960557" elapsed="0.000156"/>
</kw>
<var name="${key}">job</var>
<var name="${value}">leader</var>
<status status="PASS" start="2025-03-12T00:03:05.960454" elapsed="0.000311"/>
</iter>
<var>${key}</var>
<var>${value}</var>
<value>&amp;{expected_values}</value>
<status status="PASS" start="2025-03-12T00:03:05.959713" elapsed="0.001106"/>
</for>
<arg>name=arinal</arg>
<arg>job=leader</arg>
<status status="PASS" start="2025-03-12T00:03:05.958564" elapsed="0.002340"/>
</kw>
<tag>api_get</tag>
<status status="PASS" start="2025-03-12T00:03:05.366217" elapsed="0.594823"/>
</test>
<status status="PASS" start="2025-03-12T00:03:05.268675" elapsed="0.693066"/>
</suite>
<statistics>
<total>
<stat pass="1" fail="0" skip="0">All Tests</stat>
</total>
<tag>
<stat pass="1" fail="0" skip="0">api_get</stat>
</tag>
<suite>
<stat name="Api" id="s1" pass="1" fail="0" skip="0">Api</stat>
</suite>
</statistics>
<errors>
</errors>
</robot>
